\BOOKMARK [1][-]{section.1}{THEORETICAL BACKGROUND}{}% 1
\BOOKMARK [2][-]{subsection.1.1}{General Context}{section.1}% 2
\BOOKMARK [2][-]{subsection.1.2}{Mobile Computing}{section.1}% 3
\BOOKMARK [2][-]{subsection.1.3}{Pervasive Computing}{section.1}% 4
\BOOKMARK [2][-]{subsection.1.4}{Ubiquitous Computing}{section.1}% 5
\BOOKMARK [2][-]{subsection.1.5}{Internet of Things}{section.1}% 6
\BOOKMARK [2][-]{subsection.1.6}{Hardware}{section.1}% 7
\BOOKMARK [3][-]{subsubsection.1.6.1}{Sensors and Actuators}{subsection.1.6}% 8
\BOOKMARK [3][-]{subsubsection.1.6.2}{Arduino}{subsection.1.6}% 9
\BOOKMARK [3][-]{subsubsection.1.6.3}{BeagleBone}{subsection.1.6}% 10
\BOOKMARK [3][-]{subsubsection.1.6.4}{Raspberry Pi}{subsection.1.6}% 11
\BOOKMARK [2][-]{subsection.1.7}{Software}{section.1}% 12
\BOOKMARK [3][-]{subsubsection.1.7.1}{Operating systems}{subsection.1.7}% 13
\BOOKMARK [3][-]{subsubsection.1.7.2}{WiringPi}{subsection.1.7}% 14
\BOOKMARK [3][-]{subsubsection.1.7.3}{Python}{subsection.1.7}% 15
\BOOKMARK [3][-]{subsubsection.1.7.4}{GPIO in Python}{subsection.1.7}% 16
\BOOKMARK [1][-]{section.2}{JUSTIFICATION}{}% 17
\BOOKMARK [1][-]{section.3}{RELATED WORK}{}% 18
\BOOKMARK [1][-]{section.4}{PROPOSED MODEL}{}% 19
\BOOKMARK [2][-]{subsection.4.1}{Method/Methodology}{section.4}% 20
\BOOKMARK [3][-]{subsubsection.4.1.1}{Efficient and effective communication}{subsection.4.1}% 21
\BOOKMARK [3][-]{subsubsection.4.1.2}{Useful and stable abstraction}{subsection.4.1}% 22
\BOOKMARK [2][-]{subsection.4.2}{Functional Requirements}{section.4}% 23
\BOOKMARK [2][-]{subsection.4.3}{Non-functional Requirements}{section.4}% 24
\BOOKMARK [2][-]{subsection.4.4}{Why not to use Java}{section.4}% 25
\BOOKMARK [2][-]{subsection.4.5}{Architecture}{section.4}% 26
\BOOKMARK [3][-]{subsubsection.4.5.1}{Architectural Style}{subsection.4.5}% 27
\BOOKMARK [3][-]{subsubsection.4.5.2}{Architectural Pattern}{subsection.4.5}% 28
\BOOKMARK [2][-]{subsection.4.6}{What is needed to install libsensorPy}{section.4}% 29
\BOOKMARK [2][-]{subsection.4.7}{How to extend the library}{section.4}% 30
\BOOKMARK [2][-]{subsection.4.8}{Case Study}{section.4}% 31
\BOOKMARK [2][-]{subsection.4.9}{Case Study results}{section.4}% 32
\BOOKMARK [1][-]{section.5}{CONCLUSION AND FUTURE WORK}{}% 33
\BOOKMARK [1][-]{section.6}{REFERENCES}{}% 34
\BOOKMARK [2][-]{subsection.6.1}{Citations}{section.6}% 35
\BOOKMARK [2][-]{subsection.6.2}{Tables}{section.6}% 36
\BOOKMARK [2][-]{subsection.6.3}{Figures}{section.6}% 37
\BOOKMARK [2][-]{subsection.6.4}{Theorem-like Constructs}{section.6}% 38
\BOOKMARK [1][-]{appendix.A}{Headings in Appendices}{}% 39
\BOOKMARK [2][-]{subsection.A.1}{Introduction}{appendix.A}% 40
\BOOKMARK [2][-]{subsection.A.2}{The Body of the Paper}{appendix.A}% 41
\BOOKMARK [3][-]{subsubsection.A.2.1}{Type Changes and Special Characters}{subsection.A.2}% 42
\BOOKMARK [3][-]{subsubsection.A.2.2}{Math Equations}{subsection.A.2}% 43
\BOOKMARK [3][-]{subsubsection.A.2.3}{Citations}{subsection.A.2}% 44
\BOOKMARK [3][-]{subsubsection.A.2.4}{Tables}{subsection.A.2}% 45
\BOOKMARK [3][-]{subsubsection.A.2.5}{Figures}{subsection.A.2}% 46
\BOOKMARK [3][-]{subsubsection.A.2.6}{Theorem-like Constructs}{subsection.A.2}% 47
\BOOKMARK [2][-]{subsection.A.3}{Conclusions}{appendix.A}% 48
\BOOKMARK [2][-]{subsection.A.4}{Acknowledgments}{appendix.A}% 49
\BOOKMARK [2][-]{subsection.A.5}{Additional Authors}{appendix.A}% 50
\BOOKMARK [2][-]{subsection.A.6}{References}{appendix.A}% 51
\BOOKMARK [1][-]{appendix.B}{More Help for the Hardy}{}% 52
